<?xml version="1.0" encoding="UTF-8"?>
<testsuite name="com.sample.nytimes.ExampleUnitTest" tests="1" skipped="0" failures="0" errors="0" timestamp="2020-05-19T03:04:39" hostname="DESKTOP-NB0JS2V" time="0.001">
  <properties/>
  <testcase name="addition_isCorrect" classname="com.sample.nytimes.ExampleUnitTest" time="0.001"/>
  <system-out><![CDATA[]]></system-out>
  <system-err><![CDATA[]]></system-err>
</testsuite>
